make.exe all --print-data-base --no-builtin-variables --no-builtin-rules --question
make: *** No rule to make target 'all'.  Stop.
 
# GNU Make 4.2.1
# Built for i686-pc-cygwin
# Copyright (C) 1988-2016 Free Software Foundation, Inc.
# License GPLv3+: GNU GPL version 3 or later <http://gnu.org/licenses/gpl.html>
# This is free software: you are free to change and redistribute it.
# There is NO WARRANTY, to the extent permitted by law.
 

# Make data base, printed on Mon Mar 21 14:26:48 2022

# Variables

# 'override' directive
GNUMAKEFLAGS := 
# automatic
 
<D = $(patsubst %/,%,$(dir $<))
# automatic
?F = $(notdir $?)
# default
.SHELLFLAGS := -c
# makefile
MAKEFLAGS = pqrR
# environment
VSCODE_LOG_NATIVE = false
# automatic
?D = $(patsubst %/,%,$(dir $?))
# automatic
@D = $(patsubst %/,%,$(dir $@))
# environment
HOMEDRIVE = C:
# automatic
@F = $(notdir $@)
# automatic
^D = $(patsubst %/,%,$(dir $^))
# makefile
CURDIR := /cygdrive/c/Users/lucre/Desktop/PersonalSVN/S22/CS-170/Programming Assignment #5
# default
SHELL := /bin/sh
# makefile (from 'Makefile', line 16)
CYGWIN = -Wl,--enable-auto-import
# environment
WINDIR = C:\Windows
# environment
VSCODE_NLS_CONFIG = {"locale":"en-us","availableLanguages":{},"_languagePackSupport":true}
# environment
ONEDRIVE = C:\Users\lucre\OneDrive
# environment
PATHEXT = .COM;.EXE;.BAT;.CMD;.VBS;.VBE;.JS;.JSE;.WSF;.WSH;.MSC
# makefile (from 'Makefile', line 1)
MAKEFILE_LIST :=  Makefile
# environment
FPS_BROWSER_USER_PROFILE_STRING = Default
# makefile (from 'Makefile', line 2)
GCC = g++ -g -Wall 
# environment
TMP = /cygdrive/c/Users/lucre/AppData/Local/Temp
# environment
VSCODE_VERBOSE_LOGGING = true
# makefile (from 'Makefile', line 6)
VALGRIND_OPTIONS = -q --leak-check=full
# environment
PROGRAMW6432 = C:\Program Files
# environment
PROGRAMDATA = C:\ProgramData
# environment
VSCODE_IPC_HOOK_EXTHOST = \\.\pipe\vscode-ipc-2afb0338-15b9-4742-80e4-05681f0601ad-sock
# environment
VSCODE_CWD = C:\Users\lucre\AppData\Local\Programs\Microsoft VS Code
# default
MAKE_HOST := i686-pc-cygwin
# environment
PATH = /cygdrive/c/Program Files (x86)/Razer Chroma SDK/bin:/cygdrive/c/Program Files/Razer Chroma SDK/bin:/cygdrive/c/Program Files/Oculus/Support/oculus-runtime:/cygdrive/c/Program Files (x86)/Razer/ChromaBroadcast/bin:/cygdrive/c/Program Files/Razer/ChromaBroadcast/bin:/cygdrive/c/Program Files/Common Files/Oracle/Java/javapath:/cygdrive/c/Program Files/Java/jre1.8.0_311/bin:/cygdrive/c/utils:/cygdrive/c/Program Files/doxygen/bin:/cygdrive/c/Program Files (x86)/Dr. Memory/bin:/cygdrive/c/mingw64/bin:/cygdrive/c/mingw32/bin:/usr/bin:/cygdrive/c/Program Files (x86)/Geany/bin:/cygdrive/c/Windows/system32:/cygdrive/c/Windows:/cygdrive/c/Windows/System32/Wbem:/cygdrive/c/Windows/System32/WindowsPowerShell/v1.0:/cygdrive/c/Windows/System32/OpenSSH:/cygdrive/c/Program Files (x86)/NVIDIA Corporation/PhysX/Common:/cygdrive/c/Program Files/NVIDIA Corporation/NVIDIA NvDLISR:/cygdrive/c/ProgramData/chocolatey/bin:/cygdrive/c/Program Files/dotnet:/cygdrive/c/Program Files/TortoiseSVN/bin:/cygdrive/c/Windows/system32/config/systemprofile/AppData/Local/Microsoft/WindowsApps:/cygdrive/c/Users/lucre/AppData/Local/Microsoft/WindowsApps:/cygdrive/c/Program Files (x86)/Dr. Memory/bin:/cygdrive/c/Users/lucre/AppData/Local/Programs/Microsoft VS Code/bin:/cygdrive/c/Users/lucre/AppData/Local/Microsoft/WindowsApps:/cygdrive/c/mingw64/bin:/usr/bin:/cygdrive/c/Program Files (x86)/Dr. Memory/bin:/cygdrive/c/mingw32/bin:/cygdrive/c/Users/lucre/AppData/Local/Programs/Microsoft VS Code/bin
# environment
COMMONPROGRAMW6432 = C:\Program Files\Common Files
# environment
ZES_ENABLE_SYSMAN = 1
# environment
CHOCOLATEYLASTPATHUPDATE = 132748542413922280
# environment
PROCESSOR_ARCHITECTURE = x86
# environment
USERPROFILE = C:\Users\lucre
# environment
CHOCOLATEYINSTALL = C:\ProgramData\chocolatey
# environment
!C: = c:\Users\lucre\Desktop\PersonalSVN\S22\CS-170\Programming Assignment #5
# environment
ALLUSERSPROFILE = C:\ProgramData
# environment
VSCODE_LOG_STACK = false
# environment
NUMBER_OF_PROCESSORS = 12
# environment
ELECTRON_RUN_AS_NODE = 1
# default
.FEATURES := target-specific order-only second-expansion else-if shortest-stem undefine oneshell archives jobserver output-sync check-symlink guile load
# environment
OCULUSBASE = C:\Program Files\Oculus\
# automatic
%F = $(notdir $%)
# environment
CHROME_CRASHPAD_PIPE_NAME = \\.\pipe\crashpad_3936_YNSHGLPQUHNRVWZF
# environment
VSCODE_PIPE_LOGGING = true
# environment
COMPUTERNAME = DESKTOP-0A8MR2N
# environment
PROGRAMFILES = C:\Program Files (x86)
# environment
MEADGET = C:\utils;C:\Program Files\doxygen\bin;C:\Program Files (x86)\Dr. Memory\bin;C:\mingw64\bin;C:\mingw32\bin;C:\cygwin64\bin;C:\Program Files (x86)\Geany\bin
# default
.LOADED := 
# environment
DRIVERDATA = C:\Windows\System32\Drivers\DriverData
# makefile (from 'Makefile', line 4)
GCCFLAGS = -O2 -Wall -Wextra -ansi -pedantic -Wold-style-cast -Woverloaded-virtual -Wsign-promo  -Wctor-dtor-privacy -Wnon-virtual-dtor 
# environment
ORIGINAL_XDG_CURRENT_DESKTOP = undefined
# environment
USERNAME = lucre
# environment
PUBLIC = C:\Users\Public
# environment
VSCODE_AMD_ENTRYPOINT = vs/workbench/api/node/extensionHostProcess
# environment
HOME = /home/lucre
# environment
VSCODE_CODE_CACHE_PATH = C:\Users\lucre\AppData\Roaming\Code\CachedData\c722ca6c7eed3d7987c0d5c3df5c45f6b15e77d1
# environment
APPLICATION_INSIGHTS_NO_DIAGNOSTIC_CHANNEL = 1
# environment
COMMONPROGRAMFILES = C:\Program Files (x86)\Common Files
# environment
LOGONSERVER = \\DESKTOP-0A8MR2N
# environment
ONEDRIVECONSUMER = C:\Users\lucre\OneDrive
# environment
VSCODE_HANDLES_UNCAUGHT_ERRORS = true
# environment
USERDOMAIN = DESKTOP-0A8MR2N
# environment
MAKELEVEL := 0
# default
MAKE = $(MAKE_COMMAND)
# default
MAKECMDGOALS := all
# makefile (from 'Makefile', line 12)
OSTYPE := CYGWIN_NT-10.0-WOW
# default
MAKE_VERSION := 4.2.1
# makefile
.DEFAULT_GOAL := gcc0
# makefile (from 'Makefile', line 1)
PRG = gnu.exe
# environment
PROGRAMFILES(X86) = C:\Program Files (x86)
# automatic
%D = $(patsubst %/,%,$(dir $%))
# environment
LOCALAPPDATA = C:\Users\lucre\AppData\Local
# environment
PSMODULEPATH = C:\Program Files\WindowsPowerShell\Modules;C:\Windows\system32\WindowsPowerShell\v1.0\Modules
# default
MAKE_COMMAND := make
# environment
PROCESSOR_ARCHITEW6432 = AMD64
# default
.VARIABLES := 
# automatic
*F = $(notdir $*)
# environment
PROCESSOR_IDENTIFIER = Intel64 Family 6 Model 165 Stepping 2, GenuineIntel
# environment
OS = Windows_NT
# environment
VSCODE_IPC_HOOK = \\.\pipe\100806fd94f25666b5db7dc682d7b369-1.65.2-main-sock
# environment
HOMEPATH = \Users\lucre
# environment
COMMONPROGRAMFILES(X86) = C:\Program Files (x86)\Common Files
# environment
PROMPT = $P$G
# environment
MFLAGS = -pqrR
# automatic
*D = $(patsubst %/,%,$(dir $*))
# environment
SYSTEMROOT = C:\Windows
# automatic
+D = $(patsubst %/,%,$(dir $+))
# automatic
+F = $(notdir $+)
# environment
APPDATA = C:\Users\lucre\AppData\Roaming
# environment
TEMP = /cygdrive/c/Users/lucre/AppData/Local/Temp
# environment
COMSPEC = C:\Windows\system32\cmd.exe
# 'override' directive
.SHELLSTATUS := 0
# default
MAKEFILES := 
# automatic
<F = $(notdir $<)
# environment
LC_ALL = C
# automatic
^F = $(notdir $^)
# default
SUFFIXES := 
# environment
SYSTEMDRIVE = C:
# environment
SESSIONNAME = Console
# environment
PROCESSOR_REVISION = a502
# default
.INCLUDE_DIRS = /usr/include /usr/include
# default
.RECIPEPREFIX := 
# makefile (from 'Makefile', line 7)
DIFF_OPTIONS = -y --strip-trailing-cr --suppress-common-lines
# environment
 
LANG = C
# environment
PROCESSOR_LEVEL = 6
# environment
TERM = cygwin
# environment
FPS_BROWSER_APP_PROFILE_STRING = Internet Explorer
# environment
VSCODE_PID = 3936
# makefile (from 'Makefile', line 10)
DRIVER0 = driver.cpp
# makefile (from 'Makefile', line 9)
OBJECTS0 = 
# environment
USERDOMAIN_ROAMINGPROFILE = DESKTOP-0A8MR2N
# variable set hash-table stats:
# Load=113/1024=11%, Rehash=0, Collisions=17/139=12%

# Pattern-specific Variable Values

# No pattern-specific variable values.

# Directories

 
# . (device -804309856, inode 136765): 41 files, no impossibilities.

# 41 files, no impossibilities in 1 directories.

# Implicit Rules

# No implicit rules.

# Files

0:
#  Implicit rule search has not been done.
#  Modification time never checked.
#  File has not been updated.
#  recipe to execute (from 'Makefile', line 23):
	@echo "running test$@"
	@echo "should run in less than 100 ms"
	./$(PRG) $@ >studentout$@
	@echo "lines after the next are mismatches with master output -- see out$@"
	diff out$@ studentout$@ --strip-trailing-cr

1:
#  Implicit rule search has not been done.
#  Modification time never checked.
#  File has not been updated.
#  recipe to execute (from 'Makefile', line 23):
	@echo "running test$@"
	@echo "should run in less than 100 ms"
	./$(PRG) $@ >studentout$@
	@echo "lines after the next are mismatches with master output -- see out$@"
	diff out$@ studentout$@ --strip-trailing-cr

2:
#  Implicit rule search has not been done.
#  Modification time never checked.
#  File has not been updated.
#  recipe to execute (from 'Makefile', line 23):
	@echo "running test$@"
	@echo "should run in less than 100 ms"
	./$(PRG) $@ >studentout$@
	@echo "lines after the next are mismatches with master output -- see out$@"
	diff out$@ studentout$@ --strip-trailing-cr

3:
#  Implicit rule search has not been done.
#  Modification time never checked.
#  File has not been updated.
#  recipe to execute (from 'Makefile', line 23):
	@echo "running test$@"
	@echo "should run in less than 100 ms"
	./$(PRG) $@ >studentout$@
	@echo "lines after the next are mismatches with master output -- see out$@"
	diff out$@ studentout$@ --strip-trailing-cr

4:
#  Implicit rule search has not been done.
#  Modification time never checked.
#  File has not been updated.
#  recipe to execute (from 'Makefile', line 23):
	@echo "running test$@"
	@echo "should run in less than 100 ms"
	./$(PRG) $@ >studentout$@
	@echo "lines after the next are mismatches with master output -- see out$@"
	diff out$@ studentout$@ --strip-trailing-cr

5:
#  Implicit rule search has not been done.
#  Modification time never checked.
#  File has not been updated.
#  recipe to execute (from 'Makefile', line 23):
	@echo "running test$@"
	@echo "should run in less than 100 ms"
	./$(PRG) $@ >studentout$@
	@echo "lines after the next are mismatches with master output -- see out$@"
	diff out$@ studentout$@ --strip-trailing-cr

6:
#  Implicit rule search has not been done.
#  Modification time never checked.
#  File has not been updated.
#  recipe to execute (from 'Makefile', line 23):
	@echo "running test$@"
	@echo "should run in less than 100 ms"
	./$(PRG) $@ >studentout$@
	@echo "lines after the next are mismatches with master output -- see out$@"
	diff out$@ studentout$@ --strip-trailing-cr

7:
#  Implicit rule search has not been done.
#  Modification time never checked.
#  File has not been updated.
#  recipe to execute (from 'Makefile', line 23):
	@echo "running test$@"
	@echo "should run in less than 100 ms"
	./$(PRG) $@ >studentout$@
	@echo "lines after the next are mismatches with master output -- see out$@"
	diff out$@ studentout$@ --strip-trailing-cr

8:
#  Implicit rule search has not been done.
#  Modification time never checked.
#  File has not been updated.
#  recipe to execute (from 'Makefile', line 23):
	@echo "running test$@"
	@echo "should run in less than 100 ms"
	./$(PRG) $@ >studentout$@
	@echo "lines after the next are mismatches with master output -- see out$@"
	diff out$@ studentout$@ --strip-trailing-cr

9:
#  Implicit rule search has not been done.
#  Modification time never checked.
#  File has not been updated.
#  recipe to execute (from 'Makefile', line 23):
	@echo "running test$@"
	@echo "should run in less than 100 ms"
	./$(PRG) $@ >studentout$@
	@echo "lines after the next are mismatches with master output -- see out$@"
	diff out$@ studentout$@ --strip-trailing-cr

mem22:
#  Implicit rule search has not been done.
#  Modification time never checked.
#  File has not been updated.
#  recipe to execute (from 'Makefile', line 29):
	@echo "running memory test $@"
	@echo "should run in less than 1500 ms"
	valgrind $(VALGRIND_OPTIONS) ./$(PRG) $(subst mem,,$@) 1>/dev/null 2>difference$@
	@echo "lines after this are memory errors"; cat difference$@

mem7:
#  Implicit rule search has not been done.
#  Modification time never checked.
#  File has not been updated.
#  recipe to execute (from 'Makefile', line 29):
	@echo "running memory test $@"
	@echo "should run in less than 1500 ms"
	valgrind $(VALGRIND_OPTIONS) ./$(PRG) $(subst mem,,$@) 1>/dev/null 2>difference$@
	@echo "lines after this are memory errors"; cat difference$@

10:
#  Implicit rule search has not been done.
#  Modification time never checked.
#  File has not been updated.
#  recipe to execute (from 'Makefile', line 23):
	@echo "running test$@"
	@echo "should run in less than 100 ms"
	./$(PRG) $@ >studentout$@
	@echo "lines after the next are mismatches with master output -- see out$@"
	diff out$@ studentout$@ --strip-trailing-cr

20:
#  Implicit rule search has not been done.
#  Modification time never checked.
#  File has not been updated.
#  recipe to execute (from 'Makefile', line 23):
	@echo "running test$@"
	@echo "should run in less than 100 ms"
	./$(PRG) $@ >studentout$@
	@echo "lines after the next are mismatches with master output -- see out$@"
	diff out$@ studentout$@ --strip-trailing-cr

# Not a target:
 
all:
#  Command line target.
#  Implicit rule search has been done.
#  File does not exist.
#  File has not been updated.

16:
#  Implicit rule search has not been done.
#  Modification time never checked.
#  File has not been updated.
#  recipe to execute (from 'Makefile', line 23):
	@echo "running test$@"
	@echo "should run in less than 100 ms"
	./$(PRG) $@ >studentout$@
	@echo "lines after the next are mismatches with master output -- see out$@"
	diff out$@ studentout$@ --strip-trailing-cr

11:
#  Implicit rule search has not been done.
#  Modification time never checked.
#  File has not been updated.
#  recipe to execute (from 'Makefile', line 23):
	@echo "running test$@"
	@echo "should run in less than 100 ms"
	./$(PRG) $@ >studentout$@
	@echo "lines after the next are mismatches with master output -- see out$@"
	diff out$@ studentout$@ --strip-trailing-cr

21:
#  Implicit rule search has not been done.
#  Modification time never checked.
#  File has not been updated.
#  recipe to execute (from 'Makefile', line 23):
	@echo "running test$@"
	@echo "should run in less than 100 ms"
	./$(PRG) $@ >studentout$@
	@echo "lines after the next are mismatches with master output -- see out$@"
	diff out$@ studentout$@ --strip-trailing-cr

mem4:
#  Implicit rule search has not been done.
#  Modification time never checked.
#  File has not been updated.
#  recipe to execute (from 'Makefile', line 29):
	@echo "running memory test $@"
	@echo "should run in less than 1500 ms"
	valgrind $(VALGRIND_OPTIONS) ./$(PRG) $(subst mem,,$@) 1>/dev/null 2>difference$@
	@echo "lines after this are memory errors"; cat difference$@

mem19:
#  Implicit rule search has not been done.
#  Modification time never checked.
#  File has not been updated.
#  recipe to execute (from 'Makefile', line 29):
	@echo "running memory test $@"
	@echo "should run in less than 1500 ms"
	valgrind $(VALGRIND_OPTIONS) ./$(PRG) $(subst mem,,$@) 1>/dev/null 2>difference$@
	@echo "lines after this are memory errors"; cat difference$@

17:
#  Implicit rule search has not been done.
#  Modification time never checked.
#  File has not been updated.
#  recipe to execute (from 'Makefile', line 23):
	@echo "running test$@"
	@echo "should run in less than 100 ms"
	./$(PRG) $@ >studentout$@
	@echo "lines after the next are mismatches with master output -- see out$@"
	diff out$@ studentout$@ --strip-trailing-cr

mem15:
#  Implicit rule search has not been done.
#  Modification time never checked.
#  File has not been updated.
#  recipe to execute (from 'Makefile', line 29):
	@echo "running memory test $@"
	@echo "should run in less than 1500 ms"
	valgrind $(VALGRIND_OPTIONS) ./$(PRG) $(subst mem,,$@) 1>/dev/null 2>difference$@
	@echo "lines after this are memory errors"; cat difference$@

12:
#  Implicit rule search has not been done.
#  Modification time never checked.
#  File has not been updated.
#  recipe to execute (from 'Makefile', line 23):
	@echo "running test$@"
	@echo "should run in less than 100 ms"
	./$(PRG) $@ >studentout$@
	@echo "lines after the next are mismatches with master output -- see out$@"
	diff out$@ studentout$@ --strip-trailing-cr

22:
#  Implicit rule search has not been done.
#  Modification time never checked.
#  File has not been updated.
#  recipe to execute (from 'Makefile', line 23):
	@echo "running test$@"
	@echo "should run in less than 100 ms"
	./$(PRG) $@ >studentout$@
	@echo "lines after the next are mismatches with master output -- see out$@"
	diff out$@ studentout$@ --strip-trailing-cr

mem13:
#  Implicit rule search has not been done.
#  Modification time never checked.
#  File has not been updated.
#  recipe to execute (from 'Makefile', line 29):
	@echo "running memory test $@"
	@echo "should run in less than 1500 ms"
	valgrind $(VALGRIND_OPTIONS) ./$(PRG) $(subst mem,,$@) 1>/dev/null 2>difference$@
	@echo "lines after this are memory errors"; cat difference$@

mem6:
#  Implicit rule search has not been done.
#  Modification time never checked.
#  File has not been updated.
#  recipe to execute (from 'Makefile', line 29):
	@echo "running memory test $@"
	@echo "should run in less than 1500 ms"
	valgrind $(VALGRIND_OPTIONS) ./$(PRG) $(subst mem,,$@) 1>/dev/null 2>difference$@
	@echo "lines after this are memory errors"; cat difference$@

mem23:
#  Implicit rule search has not been done.
#  Modification time never checked.
#  File has not been updated.
#  recipe to execute (from 'Makefile', line 29):
	@echo "running memory test $@"
	@echo "should run in less than 1500 ms"
	valgrind $(VALGRIND_OPTIONS) ./$(PRG) $(subst mem,,$@) 1>/dev/null 2>difference$@
	@echo "lines after this are memory errors"; cat difference$@

# Not a target:
Makefile:
#  Implicit rule search has been done.
#  Last modified 2022-03-21 14:26:46.1649362
#  File has been updated.
#  Successfully updated.

18:
#  Implicit rule search has not been done.
#  Modification time never checked.
#  File has not been updated.
#  recipe to execute (from 'Makefile', line 23):
	@echo "running test$@"
	@echo "should run in less than 100 ms"
	./$(PRG) $@ >studentout$@
	@echo "lines after the next are mismatches with master output -- see out$@"
	diff out$@ studentout$@ --strip-trailing-cr

mem3:
#  Implicit rule search has not been done.
#  Modification time never checked.
#  File has not been updated.
#  recipe to execute (from 'Makefile', line 29):
	@echo "running memory test $@"
	@echo "should run in less than 1500 ms"
	valgrind $(VALGRIND_OPTIONS) ./$(PRG) $(subst mem,,$@) 1>/dev/null 2>difference$@
	@echo "lines after this are memory errors"; cat difference$@
 

13:
#  Implicit rule search has not been done.
#  Modification time never checked.
#  File has not been updated.
#  recipe to execute (from 'Makefile', line 23):
	@echo "running test$@"
	@echo "should run in less than 100 ms"
	./$(PRG) $@ >studentout$@
	@echo "lines after the next are mismatches with master output -- see out$@"
	diff out$@ studentout$@ --strip-trailing-cr

mem14:
#  Implicit rule search has not been done.
#  Modification time never checked.
#  File has not been updated.
#  recipe to execute (from 'Makefile', line 29):
	@echo "running memory test $@"
	@echo "should run in less than 1500 ms"
	valgrind $(VALGRIND_OPTIONS) ./$(PRG) $(subst mem,,$@) 1>/dev/null 2>difference$@
	@echo "lines after this are memory errors"; cat difference$@

23:
#  Implicit rule search has not been done.
#  Modification time never checked.
#  File has not been updated.
#  recipe to execute (from 'Makefile', line 23):
	@echo "running test$@"
	@echo "should run in less than 100 ms"
	./$(PRG) $@ >studentout$@
	@echo "lines after the next are mismatches with master output -- see out$@"
	diff out$@ studentout$@ --strip-trailing-cr

19:
#  Implicit rule search has not been done.
#  Modification time never checked.
#  File has not been updated.
#  recipe to execute (from 'Makefile', line 23):
	@echo "running test$@"
	@echo "should run in less than 100 ms"
	./$(PRG) $@ >studentout$@
	@echo "lines after the next are mismatches with master output -- see out$@"
	diff out$@ studentout$@ --strip-trailing-cr

mem0:
#  Implicit rule search has not been done.
#  Modification time never checked.
#  File has not been updated.
#  recipe to execute (from 'Makefile', line 29):
	@echo "running memory test $@"
	@echo "should run in less than 1500 ms"
	valgrind $(VALGRIND_OPTIONS) ./$(PRG) $(subst mem,,$@) 1>/dev/null 2>difference$@
	@echo "lines after this are memory errors"; cat difference$@

15:
#  Implicit rule search has not been done.
#  Modification time never checked.
#  File has not been updated.
#  recipe to execute (from 'Makefile', line 23):
	@echo "running test$@"
	@echo "should run in less than 100 ms"
	./$(PRG) $@ >studentout$@
	@echo "lines after the next are mismatches with master output -- see out$@"
	diff out$@ studentout$@ --strip-trailing-cr

# Not a target:
.DEFAULT:
#  Implicit rule search has not been done.
#  Modification time never checked.
#  File has not been updated.

mem24:
#  Implicit rule search has not been done.
#  Modification time never checked.
#  File has not been updated.
#  recipe to execute (from 'Makefile', line 29):
	@echo "running memory test $@"
	@echo "should run in less than 1500 ms"
	valgrind $(VALGRIND_OPTIONS) ./$(PRG) $(subst mem,,$@) 1>/dev/null 2>difference$@
	@echo "lines after this are memory errors"; cat difference$@

mem1:
#  Implicit rule search has not been done.
#  Modification time never checked.
#  File has not been updated.
#  recipe to execute (from 'Makefile', line 29):
	@echo "running memory test $@"
	@echo "should run in less than 1500 ms"
	valgrind $(VALGRIND_OPTIONS) ./$(PRG) $(subst mem,,$@) 1>/dev/null 2>difference$@
	@echo "lines after this are memory errors"; cat difference$@

clean:
#  Implicit rule search has not been done.
#  Modification time never checked.
#  File has not been updated.
#  recipe to execute (from 'Makefile', line 34):
	rm -f *.exe *.o *.obj *.tds *.exe.manifest student* difference*

mem8:
#  Implicit rule search has not been done.
#  Modification time never checked.
#  File has not been updated.
#  recipe to execute (from 'Makefile', line 29):
	@echo "running memory test $@"
	@echo "should run in less than 1500 ms"
	valgrind $(VALGRIND_OPTIONS) ./$(PRG) $(subst mem,,$@) 1>/dev/null 2>difference$@
	@echo "lines after this are memory errors"; cat difference$@

mem10:
#  Implicit rule search has not been done.
#  Modification time never checked.
#  File has not been updated.
#  recipe to execute (from 'Makefile', line 29):
	@echo "running memory test $@"
	@echo "should run in less than 1500 ms"
	valgrind $(VALGRIND_OPTIONS) ./$(PRG) $(subst mem,,$@) 1>/dev/null 2>difference$@
	@echo "lines after this are memory errors"; cat difference$@

gcc0:
#  Implicit rule search has not been done.
#  Modification time never checked.
#  File has not been updated.
#  recipe to execute (from 'Makefile', line 21):
	$(GCC) -o $(PRG) $(CYGWIN) $(DRIVER0) $(OBJECTS0) $(GCCFLAGS)

mem16:
#  Implicit rule search has not been done.
#  Modification time never checked.
#  File has not been updated.
#  recipe to execute (from 'Makefile', line 29):
	@echo "running memory test $@"
	@echo "should run in less than 1500 ms"
	valgrind $(VALGRIND_OPTIONS) ./$(PRG) $(subst mem,,$@) 1>/dev/null 2>difference$@
	@echo "lines after this are memory errors"; cat difference$@

mem11:
#  Implicit rule search has not been done.
#  Modification time never checked.
#  File has not been updated.
#  recipe to execute (from 'Makefile', line 29):
	@echo "running memory test $@"
	@echo "should run in less than 1500 ms"
	valgrind $(VALGRIND_OPTIONS) ./$(PRG) $(subst mem,,$@) 1>/dev/null 2>difference$@
	@echo "lines after this are memory errors"; cat difference$@

mem17:
#  Implicit rule search has not been done.
#  Modification time never checked.
#  File has not been updated.
#  recipe to execute (from 'Makefile', line 29):
	@echo "running memory test $@"
	@echo "should run in less than 1500 ms"
	valgrind $(VALGRIND_OPTIONS) ./$(PRG) $(subst mem,,$@) 1>/dev/null 2>difference$@
	@echo "lines after this are memory errors"; cat difference$@

14:
#  Implicit rule search has not been done.
#  Modification time never checked.
#  File has not been updated.
#  recipe to execute (from 'Makefile', line 23):
	@echo "running test$@"
	@echo "should run in less than 100 ms"
	./$(PRG) $@ >studentout$@
	@echo "lines after the next are mismatches with master output -- see out$@"
	diff out$@ studentout$@ --strip-trailing-cr

24:
 
#  Implicit rule search has not been done.
#  Modification time never checked.
#  File has not been updated.
#  recipe to execute (from 'Makefile', line 23):
	@echo "running test$@"
	@echo "should run in less than 100 ms"
	./$(PRG) $@ >studentout$@
	@echo "lines after the next are mismatches with master output -- see out$@"
	diff out$@ studentout$@ --strip-trailing-cr

mem12:
#  Implicit rule search has not been done.
#  Modification time never checked.
#  File has not been updated.
#  recipe to execute (from 'Makefile', line 29):
	@echo "running memory test $@"
	@echo "should run in less than 1500 ms"
	valgrind $(VALGRIND_OPTIONS) ./$(PRG) $(subst mem,,$@) 1>/dev/null 2>difference$@
	@echo "lines after this are memory errors"; cat difference$@

mem5:
#  Implicit rule search has not been done.
#  Modification time never checked.
#  File has not been updated.
#  recipe to execute (from 'Makefile', line 29):
	@echo "running memory test $@"
	@echo "should run in less than 1500 ms"
	valgrind $(VALGRIND_OPTIONS) ./$(PRG) $(subst mem,,$@) 1>/dev/null 2>difference$@
	@echo "lines after this are memory errors"; cat difference$@

mem2:
#  Implicit rule search has not been done.
#  Modification time never checked.
#  File has not been updated.
#  recipe to execute (from 'Makefile', line 29):
	@echo "running memory test $@"
	@echo "should run in less than 1500 ms"
	valgrind $(VALGRIND_OPTIONS) ./$(PRG) $(subst mem,,$@) 1>/dev/null 2>difference$@
	@echo "lines after this are memory errors"; cat difference$@

mem18:
#  Implicit rule search has not been done.
#  Modification time never checked.
#  File has not been updated.
#  recipe to execute (from 'Makefile', line 29):
	@echo "running memory test $@"
	@echo "should run in less than 1500 ms"
	valgrind $(VALGRIND_OPTIONS) ./$(PRG) $(subst mem,,$@) 1>/dev/null 2>difference$@
	@echo "lines after this are memory errors"; cat difference$@

mem20:
#  Implicit rule search has not been done.
#  Modification time never checked.
#  File has not been updated.
#  recipe to execute (from 'Makefile', line 29):
	@echo "running memory test $@"
	@echo "should run in less than 1500 ms"
	valgrind $(VALGRIND_OPTIONS) ./$(PRG) $(subst mem,,$@) 1>/dev/null 2>difference$@
	@echo "lines after this are memory errors"; cat difference$@

mem9:
#  Implicit rule search has not been done.
#  Modification time never checked.
#  File has not been updated.
#  recipe to execute (from 'Makefile', line 29):
	@echo "running memory test $@"
	@echo "should run in less than 1500 ms"
	valgrind $(VALGRIND_OPTIONS) ./$(PRG) $(subst mem,,$@) 1>/dev/null 2>difference$@
	@echo "lines after this are memory errors"; cat difference$@

mem21:
#  Implicit rule search has not been done.
#  Modification time never checked.
#  File has not been updated.
#  recipe to execute (from 'Makefile', line 29):
	@echo "running memory test $@"
	@echo "should run in less than 1500 ms"
	valgrind $(VALGRIND_OPTIONS) ./$(PRG) $(subst mem,,$@) 1>/dev/null 2>difference$@
	@echo "lines after this are memory errors"; cat difference$@

# files hash-table stats:
# Load=56/1024=5%, Rehash=0, Collisions=1/66=2%
# VPATH Search Paths

# No 'vpath' search paths.

# No general ('VPATH' variable) search path.

# strcache buffers: 1 (0) / strings = 97 / storage = 564 B / avg = 5 B
# current buf: size = 8174 B / used = 564 B / count = 97 / avg = 5 B

# strcache performance: lookups = 153 / hit rate = 36%
# hash-table stats:
# Load=97/8192=1%, Rehash=0, Collisions=1/153=1%
# Finished Make data base on Mon Mar 21 14:26:48 2022

 
